2026-07-20 19:36:31,302 | INFO    | stockm.eda_runner | EDA run: 1 ticker(s) | target=target_direction | split=0.15/0.15 gap=1 | scaler=standard
2026-07-20 19:36:31,303 | INFO    | stockm.eda | EDA for RELIANCE.NS
2026-07-20 19:36:35,813 | INFO    | stockm.eda | saved RELIANCE.NS -> train=3569 val=764 test=764 features=40
2026-07-20 19:36:35,815 | INFO    | stockm.eda_runner |   RELIANCE.NS      train=3569  val=764   test=764   feats=40  leak_flags=0
2026-07-20 19:36:35,816 | INFO    | stockm.eda_runner | 
Done. 1/1 succeeded | 3569 total train-rows prepared | 0 failure(s).
2026-07-20 19:37:25,725 | INFO    | stockm.eda_runner | EDA run: 51 ticker(s) | target=target_direction | split=0.15/0.15 gap=1 | scaler=standard
2026-07-20 19:37:25,725 | INFO    | stockm.eda | EDA for RELIANCE.NS
2026-07-20 19:37:28,897 | INFO    | stockm.eda | saved RELIANCE.NS -> train=3569 val=764 test=764 features=40
2026-07-20 19:37:28,899 | INFO    | stockm.eda_runner |   RELIANCE.NS      train=3569  val=764   test=764   feats=40  leak_flags=0
2026-07-20 19:37:28,900 | INFO    | stockm.eda | EDA for HDFCBANK.NS
2026-07-20 19:37:33,290 | INFO    | stockm.eda | saved HDFCBANK.NS -> train=3569 val=764 test=764 features=40
2026-07-20 19:37:33,294 | INFO    | stockm.eda_runner |   HDFCBANK.NS      train=3569  val=764   test=764   feats=40  leak_flags=0
2026-07-20 19:37:33,294 | INFO    | stockm.eda | EDA for INFY.NS
2026-07-20 19:37:37,816 | INFO    | stockm.eda | saved INFY.NS -> train=3569 val=764 test=764 features=40
2026-07-20 19:37:37,819 | INFO    | stockm.eda_runner |   INFY.NS          train=3569  val=764   test=764   feats=40  leak_flags=0
2026-07-20 19:37:37,819 | INFO    | stockm.eda | EDA for ICICIBANK.NS
2026-07-20 19:37:42,185 | INFO    | stockm.eda | saved ICICIBANK.NS -> train=3569 val=764 test=764 features=40
2026-07-20 19:37:42,189 | INFO    | stockm.eda_runner |   ICICIBANK.NS     train=3569  val=764   test=764   feats=40  leak_flags=0
2026-07-20 19:37:42,189 | INFO    | stockm.eda | EDA for TCS.NS
2026-07-20 19:37:46,604 | INFO    | stockm.eda | saved TCS.NS -> train=3569 val=764 test=764 features=40
2026-07-20 19:37:46,608 | INFO    | stockm.eda_runner |   TCS.NS           train=3569  val=764   test=764   feats=40  leak_flags=0
2026-07-20 19:37:46,608 | INFO    | stockm.eda | EDA for BHARTIARTL.NS
2026-07-20 19:37:50,995 | INFO    | stockm.eda | saved BHARTIARTL.NS -> train=3569 val=764 test=764 features=40
2026-07-20 19:37:50,998 | INFO    | stockm.eda_runner |   BHARTIARTL.NS    train=3569  val=764   test=764   feats=40  leak_flags=0
2026-07-20 19:37:50,999 | INFO    | stockm.eda | EDA for SBIN.NS
2026-07-20 19:37:55,430 | INFO    | stockm.eda | saved SBIN.NS -> train=3569 val=764 test=764 features=40
2026-07-20 19:37:55,432 | INFO    | stockm.eda_runner |   SBIN.NS          train=3569  val=764   test=764   feats=40  leak_flags=0
2026-07-20 19:37:55,432 | INFO    | stockm.eda | EDA for LT.NS
2026-07-20 19:37:59,993 | INFO    | stockm.eda | saved LT.NS -> train=3569 val=764 test=764 features=40
2026-07-20 19:37:59,997 | INFO    | stockm.eda_runner |   LT.NS            train=3569  val=764   test=764   feats=40  leak_flags=0
2026-07-20 19:37:59,997 | INFO    | stockm.eda | EDA for ITC.NS
2026-07-20 19:38:04,580 | INFO    | stockm.eda | saved ITC.NS -> train=3568 val=765 test=765 features=40
2026-07-20 19:38:04,583 | INFO    | stockm.eda_runner |   ITC.NS           train=3568  val=765   test=765   feats=40  leak_flags=0
2026-07-20 19:38:04,583 | INFO    | stockm.eda | EDA for AXISBANK.NS
2026-07-20 19:38:09,284 | INFO    | stockm.eda | saved AXISBANK.NS -> train=3569 val=764 test=764 features=40
2026-07-20 19:38:09,287 | INFO    | stockm.eda_runner |   AXISBANK.NS      train=3569  val=764   test=764   feats=40  leak_flags=0
2026-07-20 19:38:09,287 | INFO    | stockm.eda | EDA for KOTAKBANK.NS
2026-07-20 19:38:13,731 | INFO    | stockm.eda | saved KOTAKBANK.NS -> train=3569 val=764 test=764 features=40
2026-07-20 19:38:13,734 | INFO    | stockm.eda_runner |   KOTAKBANK.NS     train=3569  val=764   test=764   feats=40  leak_flags=0
2026-07-20 19:38:13,734 | INFO    | stockm.eda | EDA for HINDUNILVR.NS
2026-07-20 19:38:18,006 | INFO    | stockm.eda | saved HINDUNILVR.NS -> train=3569 val=764 test=764 features=40
2026-07-20 19:38:18,009 | INFO    | stockm.eda_runner |   HINDUNILVR.NS    train=3569  val=764   test=764   feats=40  leak_flags=0
2026-07-20 19:38:18,009 | INFO    | stockm.eda | EDA for Bajajfinsv.NS
2026-07-20 19:38:22,147 | INFO    | stockm.eda | saved Bajajfinsv.NS -> train=3559 val=762 test=762 features=40
2026-07-20 19:38:22,151 | INFO    | stockm.eda_runner |   Bajajfinsv.NS    train=3559  val=762   test=762   feats=40  leak_flags=0
2026-07-20 19:38:22,151 | INFO    | stockm.eda | EDA for BAJFINANCE.NS
2026-07-20 19:38:24,795 | INFO    | stockm.eda | saved BAJFINANCE.NS -> train=3568 val=764 test=764 features=40
2026-07-20 19:38:24,797 | INFO    | stockm.eda_runner |   BAJFINANCE.NS    train=3568  val=764   test=764   feats=40  leak_flags=0
2026-07-20 19:38:24,797 | INFO    | stockm.eda | EDA for MARUTI.NS
2026-07-20 19:38:27,522 | INFO    | stockm.eda | saved MARUTI.NS -> train=3565 val=764 test=764 features=40
2026-07-20 19:38:27,525 | INFO    | stockm.eda_runner |   MARUTI.NS        train=3565  val=764   test=764   feats=40  leak_flags=0
2026-07-20 19:38:27,525 | INFO    | stockm.eda | EDA for ASIANPAINT.NS
2026-07-20 19:38:30,084 | INFO    | stockm.eda | saved ASIANPAINT.NS -> train=3569 val=764 test=764 features=40
2026-07-20 19:38:30,087 | INFO    | stockm.eda_runner |   ASIANPAINT.NS    train=3569  val=764   test=764   feats=40  leak_flags=0
2026-07-20 19:38:30,087 | INFO    | stockm.eda | EDA for HCLTECH.NS
2026-07-20 19:38:32,827 | INFO    | stockm.eda | saved HCLTECH.NS -> train=3551 val=760 test=760 features=40
2026-07-20 19:38:32,830 | INFO    | stockm.eda_runner |   HCLTECH.NS       train=3551  val=760   test=760   feats=40  leak_flags=0
2026-07-20 19:38:32,830 | INFO    | stockm.eda | EDA for SUNPHARMA.NS
2026-07-20 19:38:35,374 | INFO    | stockm.eda | saved SUNPHARMA.NS -> train=3569 val=764 test=764 features=40
2026-07-20 19:38:35,376 | INFO    | stockm.eda_runner |   SUNPHARMA.NS     train=3569  val=764   test=764   feats=40  leak_flags=0
2026-07-20 19:38:35,376 | INFO    | stockm.eda | EDA for WIPRO.NS
2026-07-20 19:38:38,130 | INFO    | stockm.eda | saved WIPRO.NS -> train=3569 val=764 test=764 features=40
2026-07-20 19:38:38,132 | INFO    | stockm.eda_runner |   WIPRO.NS         train=3569  val=764   test=764   feats=40  leak_flags=0
2026-07-20 19:38:38,132 | INFO    | stockm.eda | EDA for ULTRACEMCO.NS
2026-07-20 19:38:40,773 | INFO    | stockm.eda | saved ULTRACEMCO.NS -> train=3569 val=764 test=764 features=40
2026-07-20 19:38:40,775 | INFO    | stockm.eda_runner |   ULTRACEMCO.NS    train=3569  val=764   test=764   feats=40  leak_flags=0
2026-07-20 19:38:40,775 | INFO    | stockm.eda | EDA for TITAN.NS
2026-07-20 19:38:43,491 | INFO    | stockm.eda | saved TITAN.NS -> train=3569 val=764 test=764 features=40
2026-07-20 19:38:43,493 | INFO    | stockm.eda_runner |   TITAN.NS         train=3569  val=764   test=764   feats=40  leak_flags=0
2026-07-20 19:38:43,493 | INFO    | stockm.eda | EDA for NESTLEIND.NS
2026-07-20 19:38:45,899 | INFO    | stockm.eda | saved NESTLEIND.NS -> train=2843 val=609 test=609 features=40
2026-07-20 19:38:45,901 | INFO    | stockm.eda_runner |   NESTLEIND.NS     train=2843  val=609   test=609   feats=40  leak_flags=0
2026-07-20 19:38:45,902 | INFO    | stockm.eda | EDA for ONGC.NS
2026-07-20 19:38:48,902 | INFO    | stockm.eda | saved ONGC.NS -> train=3569 val=764 test=764 features=40
2026-07-20 19:38:48,904 | INFO    | stockm.eda_runner |   ONGC.NS          train=3569  val=764   test=764   feats=40  leak_flags=0
2026-07-20 19:38:48,904 | INFO    | stockm.eda | EDA for NTPC.NS
2026-07-20 19:38:51,594 | INFO    | stockm.eda | saved NTPC.NS -> train=3569 val=764 test=764 features=40
2026-07-20 19:38:51,596 | INFO    | stockm.eda_runner |   NTPC.NS          train=3569  val=764   test=764   feats=40  leak_flags=0
2026-07-20 19:38:51,596 | INFO    | stockm.eda | EDA for POWERGRID.NS
2026-07-20 19:38:54,040 | INFO    | stockm.eda | saved POWERGRID.NS -> train=3088 val=662 test=662 features=40
2026-07-20 19:38:54,043 | INFO    | stockm.eda_runner |   POWERGRID.NS     train=3088  val=662   test=662   feats=40  leak_flags=0
2026-07-20 19:38:54,043 | INFO    | stockm.eda | EDA for TATAMOTORS.NS
2026-07-20 19:38:54,043 | ERROR   | stockm.eda_runner |   TATAMOTORS.NS    SKIP (no feature dataset)
2026-07-20 19:38:54,043 | INFO    | stockm.eda | EDA for TATASTEEL.NS
2026-07-20 19:38:56,830 | INFO    | stockm.eda | saved TATASTEEL.NS -> train=3569 val=764 test=764 features=40
2026-07-20 19:38:56,832 | INFO    | stockm.eda_runner |   TATASTEEL.NS     train=3569  val=764   test=764   feats=40  leak_flags=0
2026-07-20 19:38:56,832 | INFO    | stockm.eda | EDA for JSWSTEEL.NS
2026-07-20 19:38:59,535 | INFO    | stockm.eda | saved JSWSTEEL.NS -> train=3562 val=763 test=763 features=40
2026-07-20 19:38:59,537 | INFO    | stockm.eda_runner |   JSWSTEEL.NS      train=3562  val=763   test=763   feats=40  leak_flags=0
2026-07-20 19:38:59,537 | INFO    | stockm.eda | EDA for COALINDIA.NS
2026-07-20 19:39:01,830 | INFO    | stockm.eda | saved COALINDIA.NS -> train=2560 val=548 test=548 features=40
2026-07-20 19:39:01,832 | INFO    | stockm.eda_runner |   COALINDIA.NS     train=2560  val=548   test=548   feats=40  leak_flags=0
2026-07-20 19:39:01,832 | INFO    | stockm.eda | EDA for M&M.NS
2026-07-20 19:39:04,709 | INFO    | stockm.eda | saved M&M.NS -> train=3568 val=764 test=764 features=40
2026-07-20 19:39:04,712 | INFO    | stockm.eda_runner |   M&M.NS           train=3568  val=764   test=764   feats=40  leak_flags=0
2026-07-20 19:39:04,712 | INFO    | stockm.eda | EDA for TECHM.NS
2026-07-20 19:39:08,872 | INFO    | stockm.eda | saved TECHM.NS -> train=3281 val=703 test=703 features=40
2026-07-20 19:39:08,875 | INFO    | stockm.eda_runner |   TECHM.NS         train=3281  val=703   test=703   feats=40  leak_flags=0
2026-07-20 19:39:08,875 | INFO    | stockm.eda | EDA for HDFCLIFE.NS
2026-07-20 19:39:11,969 | INFO    | stockm.eda | saved HDFCLIFE.NS -> train=1348 val=289 test=289 features=40
2026-07-20 19:39:11,972 | INFO    | stockm.eda_runner |   HDFCLIFE.NS      train=1348  val=289   test=289   feats=40  leak_flags=0
2026-07-20 19:39:11,972 | INFO    | stockm.eda | EDA for GRASIM.NS
2026-07-20 19:39:17,116 | INFO    | stockm.eda | saved GRASIM.NS -> train=3569 val=764 test=764 features=40
2026-07-20 19:39:17,118 | INFO    | stockm.eda_runner |   GRASIM.NS        train=3569  val=764   test=764   feats=40  leak_flags=0
2026-07-20 19:39:17,118 | INFO    | stockm.eda | EDA for DIVISLAB.NS
2026-07-20 19:39:21,938 | INFO    | stockm.eda | saved DIVISLAB.NS -> train=3569 val=764 test=764 features=40
2026-07-20 19:39:21,941 | INFO    | stockm.eda_runner |   DIVISLAB.NS      train=3569  val=764   test=764   feats=40  leak_flags=0
2026-07-20 19:39:21,941 | INFO    | stockm.eda | EDA for DRREDDY.NS
2026-07-20 19:39:26,746 | INFO    | stockm.eda | saved DRREDDY.NS -> train=3569 val=764 test=764 features=40
2026-07-20 19:39:26,749 | INFO    | stockm.eda_runner |   DRREDDY.NS       train=3569  val=764   test=764   feats=40  leak_flags=0
2026-07-20 19:39:26,749 | INFO    | stockm.eda | EDA for CIPLA.NS
2026-07-20 19:39:31,514 | INFO    | stockm.eda | saved CIPLA.NS -> train=3569 val=764 test=764 features=40
2026-07-20 19:39:31,517 | INFO    | stockm.eda_runner |   CIPLA.NS         train=3569  val=764   test=764   feats=40  leak_flags=0
2026-07-20 19:39:31,518 | INFO    | stockm.eda | EDA for ADANIPORTS.NS
2026-07-20 19:39:35,850 | INFO    | stockm.eda | saved ADANIPORTS.NS -> train=3061 val=656 test=656 features=40
2026-07-20 19:39:35,854 | INFO    | stockm.eda_runner |   ADANIPORTS.NS    train=3061  val=656   test=656   feats=40  leak_flags=0
2026-07-20 19:39:35,854 | INFO    | stockm.eda | EDA for ADANIENT.NS
2026-07-20 19:39:40,096 | INFO    | stockm.eda | saved ADANIENT.NS -> train=3569 val=764 test=764 features=40
2026-07-20 19:39:40,098 | INFO    | stockm.eda_runner |   ADANIENT.NS      train=3569  val=764   test=764   feats=40  leak_flags=0
2026-07-20 19:39:40,098 | INFO    | stockm.eda | EDA for EICHERMOT.NS
2026-07-20 19:39:42,851 | INFO    | stockm.eda | saved EICHERMOT.NS -> train=3569 val=764 test=764 features=40
2026-07-20 19:39:42,853 | INFO    | stockm.eda_runner |   EICHERMOT.NS     train=3569  val=764   test=764   feats=40  leak_flags=0
2026-07-20 19:39:42,854 | INFO    | stockm.eda | EDA for HEROMOTOCO.NS
2026-07-20 19:39:45,926 | INFO    | stockm.eda | saved HEROMOTOCO.NS -> train=3569 val=764 test=764 features=40
2026-07-20 19:39:45,929 | INFO    | stockm.eda_runner |   HEROMOTOCO.NS    train=3569  val=764   test=764   feats=40  leak_flags=0
2026-07-20 19:39:45,929 | INFO    | stockm.eda | EDA for BAJAJ-AUTO.NS
2026-07-20 19:39:49,430 | INFO    | stockm.eda | saved BAJAJ-AUTO.NS -> train=3533 val=757 test=757 features=40
2026-07-20 19:39:49,434 | INFO    | stockm.eda_runner |   BAJAJ-AUTO.NS    train=3533  val=757   test=757   feats=40  leak_flags=0
2026-07-20 19:39:49,434 | INFO    | stockm.eda | EDA for BRITANNIA.NS
2026-07-20 19:39:53,968 | INFO    | stockm.eda | saved BRITANNIA.NS -> train=3560 val=763 test=763 features=40
2026-07-20 19:39:53,971 | INFO    | stockm.eda_runner |   BRITANNIA.NS     train=3560  val=763   test=763   feats=40  leak_flags=0
2026-07-20 19:39:53,971 | INFO    | stockm.eda | EDA for UPL.NS
2026-07-20 19:39:58,507 | INFO    | stockm.eda | saved UPL.NS -> train=3569 val=764 test=764 features=40
2026-07-20 19:39:58,510 | INFO    | stockm.eda_runner |   UPL.NS           train=3569  val=764   test=764   feats=40  leak_flags=0
2026-07-20 19:39:58,510 | INFO    | stockm.eda | EDA for SHREECEM.NS
2026-07-20 19:40:03,165 | INFO    | stockm.eda | saved SHREECEM.NS -> train=3569 val=764 test=764 features=40
2026-07-20 19:40:03,167 | INFO    | stockm.eda_runner |   SHREECEM.NS      train=3569  val=764   test=764   feats=40  leak_flags=0
2026-07-20 19:40:03,167 | INFO    | stockm.eda | EDA for BPCL.NS
2026-07-20 19:40:07,664 | INFO    | stockm.eda | saved BPCL.NS -> train=3569 val=764 test=764 features=40
2026-07-20 19:40:07,667 | INFO    | stockm.eda_runner |   BPCL.NS          train=3569  val=764   test=764   feats=40  leak_flags=0
2026-07-20 19:40:07,667 | INFO    | stockm.eda | EDA for TATACONSUM.NS
2026-07-20 19:40:12,330 | INFO    | stockm.eda | saved TATACONSUM.NS -> train=3569 val=764 test=764 features=40
2026-07-20 19:40:12,334 | INFO    | stockm.eda_runner |   TATACONSUM.NS    train=3569  val=764   test=764   feats=40  leak_flags=0
2026-07-20 19:40:12,334 | INFO    | stockm.eda | EDA for INDUSINDBK.NS
2026-07-20 19:40:17,087 | INFO    | stockm.eda | saved INDUSINDBK.NS -> train=3569 val=764 test=764 features=40
2026-07-20 19:40:17,090 | INFO    | stockm.eda_runner |   INDUSINDBK.NS    train=3569  val=764   test=764   feats=40  leak_flags=0
2026-07-20 19:40:17,090 | INFO    | stockm.eda | EDA for SBILIFE.NS
2026-07-20 19:40:20,008 | INFO    | stockm.eda | saved SBILIFE.NS -> train=1370 val=294 test=294 features=40
2026-07-20 19:40:20,011 | INFO    | stockm.eda_runner |   SBILIFE.NS       train=1370  val=294   test=294   feats=40  leak_flags=0
2026-07-20 19:40:20,011 | INFO    | stockm.eda | EDA for HINDALCO.NS
2026-07-20 19:40:24,639 | INFO    | stockm.eda | saved HINDALCO.NS -> train=3569 val=764 test=764 features=40
2026-07-20 19:40:24,642 | INFO    | stockm.eda_runner |   HINDALCO.NS      train=3569  val=764   test=764   feats=40  leak_flags=0
2026-07-20 19:40:24,642 | INFO    | stockm.eda | EDA for DABUR.NS
2026-07-20 19:40:29,249 | INFO    | stockm.eda | saved DABUR.NS -> train=3569 val=764 test=764 features=40
2026-07-20 19:40:29,253 | INFO    | stockm.eda_runner |   DABUR.NS         train=3569  val=764   test=764   feats=40  leak_flags=0
2026-07-20 19:40:29,253 | INFO    | stockm.eda | EDA for JSPL.NS
2026-07-20 19:40:29,253 | ERROR   | stockm.eda_runner |   JSPL.NS          SKIP (no feature dataset)
2026-07-20 19:40:29,254 | INFO    | stockm.eda_runner | 
Done. 49/51 succeeded | 167362 total train-rows prepared | 2 failure(s).
2026-07-20 19:40:29,254 | INFO    | stockm.eda_runner |   FAILED TATAMOTORS.NS: Feature dataset not found for TATAMOTORS.NS: C:\stockM\data\processed\features\TATAMOTORS_NS_features.csv. Run the feature pipeline first.
2026-07-20 19:40:29,254 | INFO    | stockm.eda_runner |   FAILED JSPL.NS: Feature dataset not found for JSPL.NS: C:\stockM\data\processed\features\JSPL_NS_features.csv. Run the feature pipeline first.
2026-07-21 20:23:21,561 | INFO    | stockm.eda_runner | EDA run: 1 ticker(s) | target=target_direction | split=0.15/0.15 gap=1 | scaler=standard
2026-07-21 20:23:21,561 | INFO    | stockm.eda | EDA for JSPL.NS
2026-07-21 20:23:25,548 | INFO    | stockm.eda | saved JSPL.NS -> train=3465 val=742 test=742 features=40
2026-07-21 20:23:25,550 | INFO    | stockm.eda_runner |   JSPL.NS          train=3465  val=742   test=742   feats=40  leak_flags=0
2026-07-21 20:23:25,550 | INFO    | stockm.eda_runner | 
Done. 1/1 succeeded | 3465 total train-rows prepared | 0 failure(s).
